Particle id: 1, Name: 3cf3, Training timestamp: 21102024_15:48
Particle id: 1, Name: 3cf3, Training timestamp: 21102024_15:50
Particle id: 1, Name: 3cf3, Training timestamp: 21102024_15:51
Particle id: 2, Name: 1s3x, Training timestamp: 21102024_16:02
Particle id: 2, Name: 1s3x, Training timestamp: 21102024_16:03
Particle id: 3, Name: 1u6g, Training timestamp: 21102024_16:15
Particle id: 3, Name: 1u6g, Training timestamp: 21102024_16:19
Particle id: 4, Name: 4cr2, Training timestamp: 21102024_16:27
Particle id: 4, Name: 4cr2, Training timestamp: 21102024_16:29
Particle id: 5, Name: 1qvr, Training timestamp: 21102024_16:40
Particle id: 5, Name: 1qvr, Training timestamp: 21102024_16:41
Particle id: 6, Name: 3h84, Training timestamp: 21102024_16:53
Particle id: 6, Name: 3h84, Training timestamp: 21102024_16:54
Particle id: 7, Name: 2cg9, Training timestamp: 21102024_17:06
Particle id: 7, Name: 2cg9, Training timestamp: 21102024_17:07
Particle id: 8, Name: 3qm1, Training timestamp: 21102024_17:16
Particle id: 8, Name: 3qm1, Training timestamp: 21102024_17:18
Particle id: 9, Name: 3gl1, Training timestamp: 21102024_17:34
Particle id: 9, Name: 3gl1, Training timestamp: 21102024_17:34
Particle id: 10, Name: 3d2f, Training timestamp: 21102024_17:49
Particle id: 10, Name: 3d2f, Training timestamp: 21102024_17:50
Particle id: 11, Name: 4d8q, Training timestamp: 21102024_17:58
Particle id: 11, Name: 4d8q, Training timestamp: 21102024_18:01
Particle id: 12, Name: 1bxn, Training timestamp: 21102024_18:17
Particle id: 12, Name: 1bxn, Training timestamp: 21102024_18:25
